This is pdfTeX, Version 3.14159265-2.6-1.40.16 (TeX Live 2015/Debian) (preloaded format=latex 2016.9.6)  19 SEP 2016 23:08
entering extended mode
 restricted \write18 enabled.
 Source specials enabled.
 %&-line parsing enabled.
**p11.tex
(./p11.tex
LaTeX2e <2016/02/01>
Babel <3.9q> and hyphenation patterns for 81 language(s) loaded.
(/usr/share/texlive/texmf-dist/tex/latex/base/article.cls
Document Class: article 2014/09/29 v1.4h Standard LaTeX document class
(/usr/share/texlive/texmf-dist/tex/latex/base/size12.clo
File: size12.clo 2014/09/29 v1.4h Standard LaTeX file (size option)
)
\c@part=\count79
\c@section=\count80
\c@subsection=\count81
\c@subsubsection=\count82
\c@paragraph=\count83
\c@subparagraph=\count84
\c@figure=\count85
\c@table=\count86
\abovecaptionskip=\skip41
\belowcaptionskip=\skip42
\bibindent=\dimen102
)
(/usr/share/texlive/texmf-dist/tex/latex/preprint/fullpage.sty
Package: fullpage 1999/02/23 1.1 (PWD)
\FP@margin=\skip43
)
(/usr/share/texlive/texmf-dist/tex/latex/tools/calc.sty
Package: calc 2014/10/28 v4.3 Infix arithmetic (KKT,FJ)
\calc@Acount=\count87
\calc@Bcount=\count88
\calc@Adimen=\dimen103
\calc@Bdimen=\dimen104
\calc@Askip=\skip44
\calc@Bskip=\skip45
LaTeX Info: Redefining \setlength on input line 80.
LaTeX Info: Redefining \addtolength on input line 81.
\calc@Ccount=\count89
\calc@Cskip=\skip46
)
(/usr/share/texlive/texmf-dist/tex/latex/hyperref/hyperref.sty
Package: hyperref 2012/11/06 v6.83m Hypertext links for LaTeX

(/usr/share/texlive/texmf-dist/tex/generic/oberdiek/hobsub-hyperref.sty
Package: hobsub-hyperref 2012/05/28 v1.13 Bundle oberdiek, subset hyperref (HO)


(/usr/share/texlive/texmf-dist/tex/generic/oberdiek/hobsub-generic.sty
Package: hobsub-generic 2012/05/28 v1.13 Bundle oberdiek, subset generic (HO)
Package: hobsub 2012/05/28 v1.13 Construct package bundles (HO)
Package: infwarerr 2010/04/08 v1.3 Providing info/warning/error messages (HO)
Package: ltxcmds 2011/11/09 v1.22 LaTeX kernel commands for general use (HO)
Package: ifluatex 2010/03/01 v1.3 Provides the ifluatex switch (HO)
Package ifluatex Info: LuaTeX not detected.
Package: ifvtex 2010/03/01 v1.5 Detect VTeX and its facilities (HO)
Package ifvtex Info: VTeX not detected.
Package: intcalc 2007/09/27 v1.1 Expandable calculations with integers (HO)
Package: ifpdf 2011/01/30 v2.3 Provides the ifpdf switch (HO)
Package ifpdf Info: pdfTeX in PDF mode is not detected.
Package: etexcmds 2011/02/16 v1.5 Avoid name clashes with e-TeX commands (HO)
Package etexcmds Info: Could not find \expanded.
(etexcmds)             That can mean that you are not using pdfTeX 1.50 or
(etexcmds)             that some package has redefined \expanded.
(etexcmds)             In the latter case, load this package earlier.
Package: kvsetkeys 2012/04/25 v1.16 Key value parser (HO)
Package: kvdefinekeys 2011/04/07 v1.3 Define keys (HO)
Package: pdftexcmds 2011/11/29 v0.20 Utility functions of pdfTeX for LuaTeX (HO
)
Package pdftexcmds Info: LuaTeX not detected.
Package pdftexcmds Info: \pdf@primitive is available.
Package pdftexcmds Info: \pdf@ifprimitive is available.
Package pdftexcmds Info: \pdfdraftmode is ignored in DVI mode.
Package: pdfescape 2011/11/25 v1.13 Implements pdfTeX's escape features (HO)
Package: bigintcalc 2012/04/08 v1.3 Expandable calculations on big integers (HO
)
Package: bitset 2011/01/30 v1.1 Handle bit-vector datatype (HO)
Package: uniquecounter 2011/01/30 v1.2 Provide unlimited unique counter (HO)
)
Package hobsub Info: Skipping package `hobsub' (already loaded).
Package: letltxmacro 2010/09/02 v1.4 Let assignment for LaTeX macros (HO)
Package: hopatch 2012/05/28 v1.2 Wrapper for package hooks (HO)
Package: xcolor-patch 2011/01/30 xcolor patch
Package: atveryend 2011/06/30 v1.8 Hooks at the very end of document (HO)
Package atveryend Info: \enddocument detected (standard20110627).
Package: atbegshi 2011/10/05 v1.16 At begin shipout hook (HO)
Package: refcount 2011/10/16 v3.4 Data extraction from label references (HO)
Package: hycolor 2011/01/30 v1.7 Color options for hyperref/bookmark (HO)
)
(/usr/share/texlive/texmf-dist/tex/latex/graphics/keyval.sty
Package: keyval 2014/10/28 v1.15 key=value parser (DPC)
\KV@toks@=\toks14
)
(/usr/share/texlive/texmf-dist/tex/generic/ifxetex/ifxetex.sty
Package: ifxetex 2010/09/12 v0.6 Provides ifxetex conditional
)
(/usr/share/texlive/texmf-dist/tex/latex/oberdiek/auxhook.sty
Package: auxhook 2011/03/04 v1.3 Hooks for auxiliary files (HO)
)
(/usr/share/texlive/texmf-dist/tex/latex/oberdiek/kvoptions.sty
Package: kvoptions 2011/06/30 v3.11 Key value format for package options (HO)
)
\@linkdim=\dimen105
\Hy@linkcounter=\count90
\Hy@pagecounter=\count91

(/usr/share/texlive/texmf-dist/tex/latex/hyperref/pd1enc.def
File: pd1enc.def 2012/11/06 v6.83m Hyperref: PDFDocEncoding definition (HO)
)
\Hy@SavedSpaceFactor=\count92

(/usr/share/texlive/texmf-dist/tex/latex/latexconfig/hyperref.cfg
File: hyperref.cfg 2002/06/06 v1.2 hyperref configuration of TeXLive
)
Package hyperref Info: Option `colorlinks' set `true' on input line 4319.


Package hyperref Warning: Option `letterpaper' is no longer used.

Package hyperref Info: Option `bookmarks' set `true' on input line 4319.
Package hyperref Info: Hyper figures OFF on input line 4443.
Package hyperref Info: Link nesting OFF on input line 4448.
Package hyperref Info: Hyper index ON on input line 4451.
Package hyperref Info: Plain pages OFF on input line 4458.
Package hyperref Info: Backreferencing OFF on input line 4463.
Package hyperref Info: Implicit mode ON; LaTeX internals redefined.
Package hyperref Info: Bookmarks ON on input line 4688.
\c@Hy@tempcnt=\count93
(/usr/share/texlive/texmf-dist/tex/latex/url/url.sty
\Urlmuskip=\muskip10
Package: url 2013/09/16  ver 3.4  Verb mode for urls, etc.
)
LaTeX Info: Redefining \url on input line 5041.
\XeTeXLinkMargin=\dimen106
\Fld@menulength=\count94
\Field@Width=\dimen107
\Fld@charsize=\dimen108
Package hyperref Info: Hyper figures OFF on input line 6295.
Package hyperref Info: Link nesting OFF on input line 6300.
Package hyperref Info: Hyper index ON on input line 6303.
Package hyperref Info: backreferencing OFF on input line 6310.
Package hyperref Info: Link coloring ON on input line 6313.
Package hyperref Info: Link coloring with OCG OFF on input line 6320.
Package hyperref Info: PDF/A mode OFF on input line 6325.
LaTeX Info: Redefining \ref on input line 6365.
LaTeX Info: Redefining \pageref on input line 6369.
\Hy@abspage=\count95
\c@Item=\count96
\c@Hfootnote=\count97
)

Package hyperref Message: Driver (default): hdvips.

(/usr/share/texlive/texmf-dist/tex/latex/hyperref/hdvips.def
File: hdvips.def 2012/11/06 v6.83m Hyperref driver for dvips

(/usr/share/texlive/texmf-dist/tex/latex/hyperref/pdfmark.def
File: pdfmark.def 2012/11/06 v6.83m Hyperref definitions for pdfmark specials
\pdf@docset=\toks15
\pdf@box=\box26
\pdf@toks=\toks16
\pdf@defaulttoks=\toks17
\HyField@AnnotCount=\count98
\Fld@listcount=\count99
\c@bookmark@seq@number=\count100

(/usr/share/texlive/texmf-dist/tex/latex/oberdiek/rerunfilecheck.sty
Package: rerunfilecheck 2011/04/15 v1.7 Rerun checks for auxiliary files (HO)
Package uniquecounter Info: New unique counter `rerunfilecheck' on input line 2
82.
)
\Hy@SectionHShift=\skip47
))
(/usr/share/texmf/tex/latex/html/html.sty
Package: html 1999/07/19 v1.38 hypertext commands for latex2html (nd, hws, rrm)

\c@lpart=\count101
\c@lchapter=\count102
\c@chapter=\count103
\c@lsection=\count104
\c@lsubsection=\count105
\c@lsubsubsection=\count106
\c@lparagraph=\count107
\c@lsubparagraph=\count108
\c@lsubsubparagraph=\count109
\ptrfile=\write3
) (./p11.aux)
\openout1 = `p11.aux'.

LaTeX Font Info:    Checking defaults for OML/cmm/m/it on input line 37.
LaTeX Font Info:    ... okay on input line 37.
LaTeX Font Info:    Checking defaults for T1/cmr/m/n on input line 37.
LaTeX Font Info:    ... okay on input line 37.
LaTeX Font Info:    Checking defaults for OT1/cmr/m/n on input line 37.
LaTeX Font Info:    ... okay on input line 37.
LaTeX Font Info:    Checking defaults for OMS/cmsy/m/n on input line 37.
LaTeX Font Info:    ... okay on input line 37.
LaTeX Font Info:    Checking defaults for OMX/cmex/m/n on input line 37.
LaTeX Font Info:    ... okay on input line 37.
LaTeX Font Info:    Checking defaults for U/cmr/m/n on input line 37.
LaTeX Font Info:    ... okay on input line 37.
LaTeX Font Info:    Checking defaults for PD1/pdf/m/n on input line 37.
LaTeX Font Info:    ... okay on input line 37.
\AtBeginShipoutBox=\box27

(/usr/share/texlive/texmf-dist/tex/latex/graphics/color.sty
Package: color 2016/01/03 v1.1b Standard LaTeX Color (DPC)

(/usr/share/texlive/texmf-dist/tex/latex/latexconfig/color.cfg
File: color.cfg 2007/01/18 v1.5 color configuration of teTeX/TeXLive
)
Package color Info: Driver file: dvips.def on input line 143.

(/usr/share/texlive/texmf-dist/tex/latex/graphics/dvips.def
File: dvips.def 2015/12/30 v3.0k Driver-dependent file (DPC,SPQR)
)
(/usr/share/texlive/texmf-dist/tex/latex/graphics/dvipsnam.def
File: dvipsnam.def 2015/12/30 v3.0k Driver-dependent file (DPC,SPQR)
))
Package hyperref Info: Link coloring ON on input line 37.

(/usr/share/texlive/texmf-dist/tex/latex/hyperref/nameref.sty
Package: nameref 2012/10/27 v2.43 Cross-referencing by name of section

(/usr/share/texlive/texmf-dist/tex/generic/oberdiek/gettitlestring.sty
Package: gettitlestring 2010/12/03 v1.4 Cleanup title references (HO)
)
\c@section@level=\count110
)
LaTeX Info: Redefining \ref on input line 37.
LaTeX Info: Redefining \pageref on input line 37.
LaTeX Info: Redefining \nameref on input line 37.

(./p11.out) (./p11.out)
\@outlinefile=\write4
\openout4 = `p11.out'.



Package hyperref Warning: Rerun to get /PageLabels entry.

LaTeX Font Info:    External font `cmex10' loaded for size
(Font)              <14.4> on input line 41.
LaTeX Font Info:    External font `cmex10' loaded for size
(Font)              <7> on input line 41.
LaTeX Font Info:    Try loading font information for OMS+cmr on input line 41.
(/usr/share/texlive/texmf-dist/tex/latex/base/omscmr.fd
File: omscmr.fd 2014/09/29 v2.5h Standard LaTeX font definitions
)
LaTeX Font Info:    Font shape `OMS/cmr/m/n' in size <10> not available
(Font)              Font shape `OMS/cmsy/m/n' tried instead on input line 41.
LaTeX Font Info:    External font `cmex10' loaded for size
(Font)              <5> on input line 41.
LaTeX Font Info:    Font shape `OMS/cmr/m/n' in size <7> not available
(Font)              Font shape `OMS/cmsy/m/n' tried instead on input line 41.
 (./p11.toc
LaTeX Font Info:    External font `cmex10' loaded for size
(Font)              <12> on input line 2.
LaTeX Font Info:    External font `cmex10' loaded for size
(Font)              <8> on input line 2.
LaTeX Font Info:    External font `cmex10' loaded for size
(Font)              <6> on input line 2.

Overfull \hbox (93.14766pt too wide) in paragraph at lines 13--13
 [][] [] []  
 []

[1

]
Overfull \hbox (22.59453pt too wide) in paragraph at lines 20--20
 [][][] [] [][]  
 []


Overfull \hbox (0.85611pt too wide) in paragraph at lines 40--40
 [][][] [] [][]  
 []

)
\tf@toc=\write5
\openout5 = `p11.toc'.

 [2] [3] [4] [5] [6]
Underfull \hbox (badness 10000) in paragraph at lines 394--400

 []


Overfull \hbox (131.06909pt too wide) in paragraph at lines 401--407
[][][] 
 []


Overfull \hbox (25.0707pt too wide) in paragraph at lines 413--413
[]\OT1/cmr/bx/n/17.28 Part 1: Com-para-tors, Treemaps, Cities, MX Quadtrees,
 []

[7] [8] [9]
Overfull \hbox (11.89522pt too wide) in paragraph at lines 551--551
[][]\OT1/cmtt/m/n/12 CanvasPlus canvas = new CanvasPlus("MeeshQuest", spatialWi
dth, spatialHeight);[] 
 []

[10] [11] [12]
LaTeX Font Info:    Font shape `OMS/cmr/m/n' in size <12> not available
(Font)              Font shape `OMS/cmsy/m/n' tried instead on input line 755.
LaTeX Font Info:    Font shape `OT1/cmtt/bx/n' in size <12> not available
(Font)              Font shape `OT1/cmtt/m/n' tried instead on input line 777.

Overfull \hbox (1.15749pt too wide) in paragraph at lines 777--777
[]\OT1/cmr/bx/n/12 Using the pro-vided XML pro-cess-ing code to get a work-ing 
parser (\OT1/cmtt/m/n/12 updated\OT1/cmr/bx/n/12 ) 
 []

[13]
Overfull \hbox (0.33263pt too wide) in paragraph at lines 803--809
\OT1/cmr/m/n/12 throws an \OT1/cmtt/m/n/12 SAXException \OT1/cmr/m/n/12 for an 
in-valid XML doc-u-ment or re-turns an \OT1/cmtt/m/n/12 org.w3c.dom.Document
 []

[14] [15]
Underfull \hbox (badness 10000) in paragraph at lines 940--940

 []


Underfull \hbox (badness 10000) in paragraph at lines 955--955

 []


Overfull \hbox (5.04916pt too wide) in paragraph at lines 957--958
[][]\OT1/cmr/m/n/12 This is the form (in the ex-act out-put or-der) of a gen-er
al \OT1/cmtt/m/n/12 <error> \OT1/cmr/m/n/12 tag. The \OT1/cmtt/m/n/12 <paramete
rs>
 []


Underfull \hbox (badness 10000) in paragraph at lines 971--971

 []

[16]
Underfull \hbox (badness 10000) in paragraph at lines 980--980

 []


Underfull \hbox (badness 10000) in paragraph at lines 989--989

 []

[17]
Underfull \hbox (badness 10000) in paragraph at lines 1051--1051

 []


Overfull \hbox (14.63155pt too wide) in paragraph at lines 1079--1080
[][]\OT1/cmr/m/n/12 If there is any prob-lem with the at-tributes in the \OT1/c
mtt/m/n/12 <command> \OT1/cmr/m/n/12 tag a \OT1/cmtt/m/n/12 <fatalError>
 []


Underfull \hbox (badness 10000) in paragraph at lines 1083--1083

 []


Underfull \hbox (badness 10000) in paragraph at lines 1102--1104

 []

[18]
Underfull \hbox (badness 10000) in paragraph at lines 1138--1138

 []


Underfull \hbox (badness 10000) in paragraph at lines 1139--1143

 []


Overfull \hbox (132.31683pt too wide) in paragraph at lines 1152--1152
 [][]   \OT1/cmtt/m/n/12 <cityUnmapped name="city1" x="coordx" y="coordy" color
="color1" radius="radius1"/>[] 
 []

[19]
Underfull \hbox (badness 10000) in paragraph at lines 1171--1171

 []


Underfull \hbox (badness 10000) in paragraph at lines 1172--1177

 []


Underfull \hbox (badness 10000) in paragraph at lines 1203--1203

 []


Underfull \hbox (badness 10000) in paragraph at lines 1204--1219

 []


Overfull \hbox (86.36401pt too wide) in paragraph at lines 1224--1227
\OT1/cmtt/m/n/12 <city name="city1" x="coordx" y="coordy" color="color1" radius
="radius1"/> 
 []

[20]
Overfull \hbox (52.0418pt too wide) in paragraph at lines 1247--1247
 []            \OT1/cmtt/m/n/12 <city name="Derwood" x="19" y="20" color="red" 
radius="40"/>[] 
 []


Overfull \hbox (58.2168pt too wide) in paragraph at lines 1247--1247
 []            \OT1/cmtt/m/n/12 <city name="Annapolis" x="5" y="5" color="blue"
 radius="90"/>[] 
 []


Underfull \hbox (badness 10000) in paragraph at lines 1250--1250

 []


Underfull \hbox (badness 10000) in paragraph at lines 1251--1253

 []


Underfull \hbox (badness 10000) in paragraph at lines 1279--1279

 []


Underfull \hbox (badness 10000) in paragraph at lines 1280--1282

 []

[21]
Underfull \hbox (badness 10000) in paragraph at lines 1309--1309

 []


Underfull \hbox (badness 10000) in paragraph at lines 1310--1314

 []


Underfull \hbox (badness 10000) in paragraph at lines 1323--1323

 []


Underfull \hbox (badness 10000) in paragraph at lines 1331--1331

 []


Underfull \hbox (badness 10000) in paragraph at lines 1331--1333

 []


Underfull \hbox (badness 10000) in paragraph at lines 1333--1333

 []

[22]
Overfull \hbox (2.64177pt too wide) in paragraph at lines 1377--1377
 []                            \OT1/cmtt/m/n/12 <black name="Boston" x="71" y="
42"/>[] 
 []


Overfull \hbox (21.16678pt too wide) in paragraph at lines 1377--1377
 []                            \OT1/cmtt/m/n/12 <black name="Baltimore" x="76" 
y="39"/>[] 
 []


Overfull \hbox (8.81677pt too wide) in paragraph at lines 1377--1377
 []                            \OT1/cmtt/m/n/12 <black name="Chicago" x="81" y=
"47"/>[] 
 []


Overfull \hbox (8.81677pt too wide) in paragraph at lines 1377--1377
 []                            \OT1/cmtt/m/n/12 <black name="Atlanta" x="84" y=
"33"/>[] 
 []


Underfull \hbox (badness 10000) in paragraph at lines 1381--1381

 []


Underfull \hbox (badness 10000) in paragraph at lines 1382--1385

 []

[23]
Underfull \hbox (badness 10000) in paragraph at lines 1411--1411

 []


Underfull \hbox (badness 10000) in paragraph at lines 1429--1437

 []

[24]
Overfull \hbox (86.36401pt too wide) in paragraph at lines 1445--1449
\OT1/cmtt/m/n/12 <city name="city1" x="coordx" y="coordy" color="color1" radius
="radius1"/> 
 []


Overfull \hbox (52.0418pt too wide) in paragraph at lines 1472--1472
 []            \OT1/cmtt/m/n/12 <city name="Derwood" x="20" y="30" color="red" 
radius="12"/>[] 
 []


Overfull \hbox (70.5668pt too wide) in paragraph at lines 1472--1472
 []            \OT1/cmtt/m/n/12 <city name="Annapolis" x="20" y="40" color="blu
e" radius="23"/>[] 
 []


Underfull \hbox (badness 10000) in paragraph at lines 1478--1478

 []


Overfull \hbox (81.71849pt too wide) in paragraph at lines 1479--1484
\OT1/cmr/m/it/12 Pri-or-i-tyQueue\OT1/cmr/m/n/12 , such as [][][][][][]
 []


Overfull \hbox (27.58699pt too wide) in paragraph at lines 1485--1493
[][][][][][][][]\OT1/cmr/m/n/12 --otherwise,
 []


Underfull \hbox (badness 10000) in paragraph at lines 1485--1493

 []

[25]
Overfull \hbox (86.36401pt too wide) in paragraph at lines 1499--1501
\OT1/cmtt/m/n/12 <city name="city1" x="coordx" y="coordy" color="color1" radius
="radius1"/> 
 []


Overfull \hbox (39.69179pt too wide) in paragraph at lines 1519--1519
 []        \OT1/cmtt/m/n/12 <city name="Annapolis" x="20" y="30" color="red" ra
dius="12"/>[] 
 []


Underfull \hbox (badness 10000) in paragraph at lines 1523--1523

 []


Underfull \hbox (badness 10000) in paragraph at lines 1541--1541

 []


Underfull \hbox (badness 10000) in paragraph at lines 1544--1544

 []

[26]
Overfull \hbox (113.18626pt too wide) in paragraph at lines 1576--1583
[][]\OT1/cmr/m/n/12 The the XML spec-i-fi-ca-tion ap-pears in [][][][][][].
 []


Overfull \hbox (2.39008pt too wide) in paragraph at lines 1587--1592
[]\OT1/cmr/m/n/12 We will be us-ing the lat-est ver-sion of the sub-mit server 
to test your project [][][][][][].
 []

[27] [28] [29] [30] [31] [32] [33] [34] [35]
LaTeX Font Info:    Font shape `OT1/cmtt/bx/n' in size <14.4> not available
(Font)              Font shape `OT1/cmtt/m/n' tried instead on input line 2129.

 [36]
Overfull \hbox (16.0916pt too wide) in paragraph at lines 2225--2234
\OT1/cmr/m/n/12 parameters---these two pa-ram-e-ters are the two ob-jects be-in
g com-pared. Where the \OT1/cmtt/m/n/12 compareTo()
 []

[37] [38]
Overfull \hbox (30.92564pt too wide) in paragraph at lines 2328--2335
[][]\OT1/cmr/m/n/12 Now we have a com-para-tor that can han-dle both situations
---if you cre-ate a \OT1/cmtt/m/n/12 ReverseComparator
 []

Package atveryend Info: Empty hook `BeforeClearDocument' on input line 2363.
[39]
Package atveryend Info: Empty hook `AfterLastShipout' on input line 2363.
 (./p11.aux)
Package atveryend Info: Empty hook `AtVeryEndDocument' on input line 2363.
Package atveryend Info: Executing hook `AtEndAfterFileList' on input line 2363.

Package rerunfilecheck Info: File `p11.out' has not changed.
(rerunfilecheck)             Checksum: 0AA02D1833D7EB0A1747E6FF3CD6BB63;3165.
Package atveryend Info: Empty hook `AtVeryVeryEnd' on input line 2363.
 ) 
Here is how much of TeX's memory you used:
 5003 strings out of 493030
 74361 string characters out of 6136261
 165371 words of memory out of 5000000
 8529 multiletter control sequences out of 15000+600000
 9962 words of font info for 36 fonts, out of 8000000 for 9000
 1141 hyphenation exceptions out of 8191
 30i,11n,31p,546b,664s stack positions out of 5000i,500n,10000p,200000b,80000s

Output written on p11.dvi (39 pages, 188896 bytes).
